Tue 14:06: ########################################## 
Tue 14:06: Compiling.
Tue 14:06: ########################################## 

Tue 14:06: MaxCompiler version: 2015.2.
Tue 14:06: Build Simulation run rule for Fft start time: Tue Dec 15 14:06:13 GMT 2015.
Tue 14:06: Project location: /home/nvoss/workspaceFFT/Fft.
Tue 14:06: Detailed build log: /home/nvoss/workspaceFFT/Fft/RunRules/Simulation/build.log.

Tue 14:06: Compiling Engine Code.
Tue 14:06: Engine building skipped (no changes on .max files).
Tue 14:06: Compiling CPU Code.
Tue 14:06: Run CPU project make files updating
Tue 14:06: Executing command:
Tue 14:06: java -jar /network-raid/opt/maxcompiler-2015.2/lib/MaxIDE/projectAdmin.jar -u /home/nvoss/workspaceFFT/Fft Simulation 
Tue 14:06: Command output:

Tue 14:06: MaxCompiler Project Admin Tool Version 2015.2.00001
Tue 14:06:  Copyright Maxeler Technologies 2010 - 2015. All rights reserved.

Tue 14:06: Handler version 2
Tue 14:06: Updating RunRule dependent Makefiles for RunRule 'Simulation'
Tue 14:06: 	Updating: Simulation
Tue 14:06: Found makefiles: 1
Tue 14:06: 	Updated: Simulation
Tue 14:06: Run CPU make.
Tue 14:06: make RUNRULE=Simulation 
Tue 14:06: Command output:
Tue 14:06: make -f Makefile.rules build
Tue 14:06: make[1]: Entering directory `/home/nvoss/workspaceFFT/Fft/CPUCode'
Tue 14:06: set -e; rm -f ../RunRules/Simulation/objects/c/FftAppCpuCode.d ;                                                             \
Tue 14:06: 	  cc -M -std=gnu99 -g -O3 -Wall -Wextra -I../RunRules/Simulation/include  -I '/network-raid/opt/maxcompiler-2015.2/include/slic'  -Wno-error FftAppCpuCode.c > ../RunRules/Simulation/objects/c/FftAppCpuCode.d.$$ ;                                 \
Tue 14:06:       sed 's,\(FftAppCpuCode\)\.o[ :]*,../RunRules/Simulation/objects/c/\1.o ../RunRules/Simulation/objects/c/FftAppCpuCode.d : ,g' < ../RunRules/Simulation/objects/c/FftAppCpuCode.d.$$ > ../RunRules/Simulation/objects/c/FftAppCpuCode.d; \
Tue 14:06:       rm -f ../RunRules/Simulation/objects/c/FftAppCpuCode.d.$$
Tue 14:06: make[1]: Leaving directory `/home/nvoss/workspaceFFT/Fft/CPUCode'
Tue 14:06: make[1]: Entering directory `/home/nvoss/workspaceFFT/Fft/CPUCode'
Tue 14:06: cc -std=gnu99 -g -O3 -Wall -Wextra -I../RunRules/Simulation/include  -I '/network-raid/opt/maxcompiler-2015.2/include/slic'  -c FftAppCpuCode.c -o ../RunRules/Simulation/objects/c/FftAppCpuCode.o
Tue 14:06: cc -std=gnu99 -g -O3 -Wall -Wextra -I../RunRules/Simulation/include  -I '/network-raid/opt/maxcompiler-2015.2/include/slic'  -o ../RunRules/Simulation/binaries/FftApp ../RunRules/Simulation/objects/maxfiles/slic_FftApp.o ../RunRules/Simulation/objects/c/FftAppCpuCode.o -g -O3  -L '/network-raid/opt/maxcompiler-2015.2/lib' -lslic -L '/network-raid/opt/maxeleros-2015.2/maxeleros/lib' -lmaxeleros -lpthread -lm -lrt 
Tue 14:06: make[1]: Leaving directory `/home/nvoss/workspaceFFT/Fft/CPUCode'
Tue 14:06: Build completed: Tue Dec 15 14:06:15 GMT 2015


Tue 14:06: ########################################## 
Tue 14:06: Running
Tue 14:06: ########################################## 
Tue 14:06: Executing command:
Tue 14:06: '/home/nvoss/workspaceFFT/Fft/RunRules/Simulation/binaries/FftApp' 
Tue 14:06: Command output:
Tue 14:06: Running on DFE.
Tue 14:06: SNR: 140.714676
Tue 14:06: Test passed!
Tue 14:06: Done.
Tue 14:06: Process terminated with exit code 0.
